2021-09-02 02:18:18,062:lg:INFO:Reading CSV file
2021-09-03 00:00:56,327:lg:INFO:Reading CSV file
2021-09-03 00:03:57,841:lg:INFO:Reading CSV file
2021-09-03 00:04:34,433:lg:INFO:Reading CSV file
2021-09-03 00:04:56,059:lg:INFO:Reading CSV file
2021-09-03 00:06:57,325:lg:INFO:Reading CSV file
2021-09-03 00:07:50,538:lg:INFO:Reading CSV file
2021-09-03 00:12:37,195:lg:INFO:Reading CSV file
2021-09-03 00:13:18,977:lg:INFO:Reading CSV file
2021-09-03 00:13:54,719:lg:INFO:Reading CSV file
2021-09-03 00:14:54,394:lg:INFO:Reading CSV file
2021-09-03 00:16:48,607:lg:INFO:Reading CSV file
2021-09-03 00:18:43,047:lg:INFO:Reading CSV file
2021-09-03 00:21:59,098:lg:INFO:Reading CSV file
2021-09-03 00:22:03,600:lg:INFO:Reading CSV file
2021-09-03 00:26:28,790:lg:INFO:Reading CSV file
2021-09-03 00:26:33,157:lg:INFO:Reading CSV file
2021-09-03 00:27:09,878:lg:INFO:Reading CSV file
2021-09-03 00:27:14,113:lg:INFO:Reading CSV file
2021-09-03 00:29:56,147:lg:INFO:Reading CSV file
2021-09-03 00:30:00,391:lg:INFO:Reading CSV file
2021-09-03 00:52:31,075:lg:INFO:Reading CSV file
2021-09-03 00:52:35,297:lg:INFO:Reading CSV file
2021-09-03 00:53:30,771:lg:INFO:Reading CSV file
2021-09-03 00:53:36,881:lg:INFO:Reading CSV file
2021-09-03 00:54:31,894:lg:INFO:Reading CSV file
2021-09-03 18:54:51,976:lg:INFO:Reading CSV file
2021-09-03 18:54:57,674:lg:INFO:Reading CSV file
2021-09-03 18:56:25,891:lg:INFO:Reading CSV file
2021-09-03 19:17:59,508:lg:INFO:Reading CSV file
2021-09-03 19:17:59,734:lg:ERROR:exception had occured during file read operation. i.e., initialreport() takes 1 positional argument but 2 were given
Traceback (most recent call last):
  File "D:\iNeuron\pythonProject\main.py", line 51, in __init__
    self.initialreport(self)
TypeError: initialreport() takes 1 positional argument but 2 were given
2021-09-03 19:20:09,775:lg:INFO:Reading CSV file
2021-09-03 19:20:09,842:lg:INFO:Initial report is preparing
2021-09-03 19:20:39,222:lg:INFO:Reading CSV file
2021-09-03 19:20:39,294:lg:INFO:Initial report is preparing
2021-09-03 19:35:16,896:lg:INFO:Reading CSV file
2021-09-03 19:35:16,956:lg:INFO:Initial report is preparing
2021-09-03 19:36:09,984:lg:INFO:Reading CSV file
2021-09-03 19:36:10,043:lg:INFO:Initial report is preparing
2021-09-03 19:38:27,863:lg:INFO:Reading CSV file
2021-09-03 19:38:27,894:lg:INFO:Initial report is preparing
2021-09-03 19:41:41,749:lg:INFO:Reading CSV file
2021-09-03 20:35:51,039:lg:INFO:Reading CSV file
2021-09-03 22:01:55,833:lg:INFO:Reading CSV file
2021-09-03 22:03:00,274:lg:INFO:Reading CSV file
2021-09-03 22:03:24,836:lg:INFO:Reading CSV file
2021-09-03 22:04:20,226:lg:INFO:Reading CSV file
2021-09-03 22:04:33,589:lg:INFO:Reading CSV file
2021-09-03 22:05:28,560:lg:INFO:Reading CSV file
2021-09-03 22:05:50,536:lg:INFO:Reading CSV file
2021-09-03 22:54:48,382:lg:INFO:Reading CSV file
2021-09-03 22:54:48,438:lg:INFO:Initial report is preparing
2021-09-03 22:55:11,558:lg:INFO:Droping unnecceasry data
2021-09-03 22:55:11,559:lg:ERROR:Exception name 'df' is not defined had occured during droping features
Traceback (most recent call last):
  File "D:\iNeuron\pythonProject\main.py", line 89, in dropfeatures
    self.df1 = df.drop(axis=1,columns=['Rotational speed [rpm]','Machine failure','RNF',
NameError: name 'df' is not defined
2021-09-03 22:56:26,901:lg:INFO:Reading CSV file
2021-09-03 22:56:26,952:lg:INFO:Initial report is preparing
2021-09-03 22:56:30,892:lg:INFO:Reading CSV file
2021-09-03 22:56:30,911:lg:INFO:Initial report is preparing
2021-09-03 22:56:33,761:lg:ERROR:Exception Argument must be an image, collection, or ContourSet in this Axes had occured during report generation
Traceback (most recent call last):
  File "D:\iNeuron\pythonProject\main.py", line 72, in initialreport
    self.pf.to_file('initaldata.html')
  File "C:\Users\sarad\Anaconda3\lib\site-packages\pandas_profiling\profile_report.py", line 261, in to_file
    data = self.to_html()
  File "C:\Users\sarad\Anaconda3\lib\site-packages\pandas_profiling\profile_report.py", line 372, in to_html
    return self.html
  File "C:\Users\sarad\Anaconda3\lib\site-packages\pandas_profiling\profile_report.py", line 189, in html
    self._html = self._render_html()
  File "C:\Users\sarad\Anaconda3\lib\site-packages\pandas_profiling\profile_report.py", line 291, in _render_html
    report = self.report
  File "C:\Users\sarad\Anaconda3\lib\site-packages\pandas_profiling\profile_report.py", line 183, in report
    self._report = get_report_structure(self.config, self.description_set)
  File "C:\Users\sarad\Anaconda3\lib\site-packages\pandas_profiling\profile_report.py", line 170, in description_set
    self._sample,
  File "C:\Users\sarad\Anaconda3\lib\site-packages\pandas_profiling\model\describe.py", line 111, in describe
    scatter_matrix = get_scatter_matrix(config, df, interval_columns)
  File "C:\Users\sarad\Anaconda3\lib\site-packages\pandas_profiling\model\summary.py", line 281, in get_scatter_matrix
    config, df_temp[x], df_temp[y], x, y
  File "C:\Users\sarad\Anaconda3\lib\contextlib.py", line 74, in inner
    return func(*args, **kwds)
  File "C:\Users\sarad\Anaconda3\lib\site-packages\pandas_profiling\visualisation\plot.py", line 293, in scatter_pairwise
    plt.hexbin(series1, series2, gridsize=15, cmap=cmap)
  File "C:\Users\sarad\Anaconda3\lib\site-packages\matplotlib\pyplot.py", line 2842, in hexbin
    sci(__ret)
  File "C:\Users\sarad\Anaconda3\lib\site-packages\matplotlib\pyplot.py", line 3281, in sci
    return gca()._sci(im)
  File "C:\Users\sarad\Anaconda3\lib\site-packages\matplotlib\axes\_base.py", line 1984, in _sci
    raise ValueError("Argument must be an image, collection, or "
ValueError: Argument must be an image, collection, or ContourSet in this Axes
2021-09-03 22:56:44,824:lg:INFO:Droping unnecceasry data
2021-09-03 22:56:44,824:lg:ERROR:Exception name 'df' is not defined had occured during droping features
Traceback (most recent call last):
  File "D:\iNeuron\pythonProject\main.py", line 89, in dropfeatures
    self.df1 = df.drop(axis=1,columns=['Rotational speed [rpm]','Machine failure','RNF',
NameError: name 'df' is not defined
2021-09-03 22:59:00,502:lg:INFO:Reading CSV file
2021-09-03 22:59:00,537:lg:INFO:Initial report is preparing
2021-09-03 22:59:18,291:lg:INFO:Droping unnecceasry data
2021-09-03 22:59:18,292:lg:INFO:Final report is preparing
2021-09-03 22:59:21,537:lg:INFO:Score of linear regression model is 0.7627507029749631
2021-09-03 22:59:21,865:lg:INFO:Score of ElasticNet model is 0.7628010058044736
2021-09-03 23:01:36,676:lg:INFO:Reading CSV file
2021-09-03 23:01:36,711:lg:INFO:Initial report is preparing
2021-09-03 23:01:54,415:lg:INFO:Droping unnecceasry data
2021-09-03 23:01:54,416:lg:INFO:Final report is preparing
2021-09-03 23:01:57,453:lg:INFO:Score of linear regression model is 0.7739680686613076
2021-09-03 23:01:57,583:lg:INFO:Score of ElasticNet model is 0.7739445905541654
2021-09-03 23:04:37,186:lg:INFO:Reading CSV file
2021-09-03 23:04:37,224:lg:INFO:Initial report is preparing
2021-09-03 23:04:54,066:lg:INFO:Droping unnecceasry data
2021-09-03 23:04:54,067:lg:INFO:Final report is preparing
2021-09-03 23:04:56,870:lg:INFO:Score of linear regression model is 0.7683868193323294
2021-09-03 23:04:56,977:lg:INFO:Score of ElasticNet model is 0.7684109342666098
2021-09-03 23:12:41,648:lg:INFO:Reading CSV file
2021-09-03 23:12:41,691:lg:INFO:Initial report is preparing
2021-09-03 23:12:45,633:lg:INFO:Reading CSV file
2021-09-03 23:12:45,667:lg:INFO:Initial report is preparing
2021-09-03 23:13:18,259:lg:INFO:Droping unnecceasry data
2021-09-03 23:13:18,260:lg:INFO:Final report is preparing
2021-09-03 23:13:27,105:lg:INFO:Score of linear regression model is 0.76235994253902
2021-09-03 23:13:27,484:lg:INFO:Score of ElasticNet model is 0.762358478383699
2021-09-03 23:13:29,314:lg:INFO:Droping unnecceasry data
2021-09-03 23:13:29,315:lg:INFO:Final report is preparing
2021-09-03 23:13:32,758:lg:INFO:Score of linear regression model is 0.7697771316311636
2021-09-03 23:13:32,891:lg:INFO:Score of ElasticNet model is 0.7697671191233995
2021-09-03 23:24:30,732:lg:INFO:Reading CSV file
2021-09-03 23:24:30,797:lg:INFO:Initial report is preparing
2021-09-03 23:24:52,286:lg:INFO:Droping unnecceasry data
2021-09-03 23:24:52,288:lg:INFO:Final report is preparing
2021-09-03 23:24:56,714:lg:INFO:Score of linear regression model is 0.7581261136829338
2021-09-03 23:24:56,884:lg:INFO:Score of ElasticNet model is 0.7581415969258095
